SUMMARY OF C0NVERGENCE INFORMATION
  STEP   INC  ATT   ITER     CONT.   RESID.        CORR.      RESID.      CORR.
                              EL.    FORCE         DISP       FLUX        TEMP.
                              (#)     (%)           (%)        (%)         (%)
     1     1     1     1        0  0.0000E+00  0.0000E+00  0.0000E+00  0.1000E+03
     2     1     1     1        0  0.0000E+00  0.0000E+00  0.3649E+09  0.1000E+03
     2     1     1     2        0  0.0000E+00  0.0000E+00  0.1638E+05  0.5759E-02
     2     1     1     3        0  0.0000E+00  0.0000E+00  0.8200E+00  0.3029E-06
     2     1     1     4        0  0.0000E+00  0.0000E+00  0.0000E+00  0.1523E-10
     2     2     1     1        0  0.0000E+00  0.0000E+00  0.2403E+11  0.1000E+03
     2     2     1     2        0  0.0000E+00  0.0000E+00  0.1207E+07  0.6619E-02
     2     2     1     3        0  0.0000E+00  0.0000E+00  0.6515E+02  0.4255E-06
     2     2     1     4        0  0.0000E+00  0.0000E+00  0.0000E+00  0.2670E-10
     2     3     1     1        0  0.0000E+00  0.0000E+00  0.1587E+08  0.1000E+03
     2     3     1     2        0  0.0000E+00  0.0000E+00  0.9409E+06  0.1477E+02
     2     3     1     3        0  0.0000E+00  0.0000E+00  0.1129E+06  0.1844E+01
     2     3     1     4        0  0.0000E+00  0.0000E+00  0.1440E+05  0.2345E+00
     2     3     1     5        0  0.0000E+00  0.0000E+00  0.1824E+04  0.2974E-01
     2     3     1     6        0  0.0000E+00  0.0000E+00  0.2314E+03  0.3772E-02
     2     3     1     7        0  0.0000E+00  0.0000E+00  0.2934E+02  0.4784E-03
     2     3     1     8        0  0.0000E+00  0.0000E+00  0.3721E+01  0.6067E-04
     2     3     1     9        0  0.0000E+00  0.0000E+00  0.4719E+00  0.7694E-05
     2     4     1     1        0  0.0000E+00  0.0000E+00  0.1085E+08  0.1000E+03
     2     4     1     2        0  0.0000E+00  0.0000E+00  0.2333E+06  0.1562E+02
     2     4     1     3        0  0.0000E+00  0.0000E+00  0.3107E+05  0.2216E+01
     2     4     1     4        0  0.0000E+00  0.0000E+00  0.4381E+04  0.3149E+00
     2     4     1     5        0  0.0000E+00  0.0000E+00  0.6199E+03  0.4463E-01
     2     4     1     6        0  0.0000E+00  0.0000E+00  0.8785E+02  0.6326E-02
     2     4     1     7        0  0.0000E+00  0.0000E+00  0.1245E+02  0.8966E-03
     2     4     1     8        0  0.0000E+00  0.0000E+00  0.1765E+01  0.1271E-03
     2     4     1     9        0  0.0000E+00  0.0000E+00  0.2501E+00  0.1801E-04
     2     5     1     1        0  0.0000E+00  0.0000E+00  0.8062E+07  0.1000E+03
     2     5     1     2        0  0.0000E+00  0.0000E+00  0.3791E+05  0.1041E+02
     2     5     1     3        0  0.0000E+00  0.0000E+00  0.5094E+04  0.1453E+01
     2     5     1     4        0  0.0000E+00  0.0000E+00  0.7075E+03  0.2029E+00
     2     5     1     5        0  0.0000E+00  0.0000E+00  0.9863E+02  0.2831E-01
     2     5     1     6        0  0.0000E+00  0.0000E+00  0.1376E+02  0.3951E-02
     2     5     1     7        0  0.0000E+00  0.0000E+00  0.1920E+01  0.5513E-03
     2     5     1     8        0  0.0000E+00  0.0000E+00  0.2680E+00  0.7693E-04
     2     6     1     1        0  0.0000E+00  0.0000E+00  0.5586E+07  0.1000E+03
     2     6     1     2        0  0.0000E+00  0.0000E+00  0.2976E+06  0.8568E+01
     2     6     1     3        0  0.0000E+00  0.0000E+00  0.2331E+05  0.6348E+00
     2     6     1     4        0  0.0000E+00  0.0000E+00  0.1772E+04  0.4822E-01
     2     6     1     5        0  0.0000E+00  0.0000E+00  0.1309E+03  0.3675E-02
     2     6     1     6        0  0.0000E+00  0.0000E+00  0.9477E+01  0.2795E-03
     2     6     1     7        0  0.0000E+00  0.0000E+00  0.6773E+00  0.2114E-04
     2     6     1     8        0  0.0000E+00  0.0000E+00  0.4799E-01  0.1587E-05
     2     7     1     1        0  0.0000E+00  0.0000E+00  0.4876E+07  0.1000E+03
     2     7     1     2        0  0.0000E+00  0.0000E+00  0.7081E+05  0.8123E+01
     2     7     1     3        0  0.0000E+00  0.0000E+00  0.5384E+04  0.6098E+00
     2     7     1     4        0  0.0000E+00  0.0000E+00  0.4109E+03  0.4632E-01
     2     7     1     5        0  0.0000E+00  0.0000E+00  0.3142E+02  0.3537E-02
     2     7     1     6        0  0.0000E+00  0.0000E+00  0.2407E+01  0.2709E-03
     2     7     1     7        0  0.0000E+00  0.0000E+00  0.1846E+00  0.2079E-04
     2     8     1     1        0  0.0000E+00  0.0000E+00  0.4428E+07  0.1000E+03
     2     8     1     2        0  0.0000E+00  0.0000E+00  0.1957E+06  0.1024E+02
     2     8     1     3        0  0.0000E+00  0.0000E+00  0.1849E+05  0.9471E+00
     2     8     1     4        0  0.0000E+00  0.0000E+00  0.1763E+04  0.8949E-01
     2     8     1     5        0  0.0000E+00  0.0000E+00  0.1673E+03  0.8469E-02
     2     8     1     6        0  0.0000E+00  0.0000E+00  0.1586E+02  0.8023E-03
     2     8     1     7        0  0.0000E+00  0.0000E+00  0.1503E+01  0.7603E-04
     2     8     1     8        0  0.0000E+00  0.0000E+00  0.1425E+00  0.7206E-05
     2     9     1     1        0  0.0000E+00  0.0000E+00  0.4116E+07  0.1000E+03
     2     9     1     2        0  0.0000E+00  0.0000E+00  0.4818E+05  0.1036E+02
     2     9     1     3        0  0.0000E+00  0.0000E+00  0.4027E+04  0.8648E+00
     2     9     1     4        0  0.0000E+00  0.0000E+00  0.3492E+03  0.7421E-01
     2     9     1     5        0  0.0000E+00  0.0000E+00  0.2938E+02  0.6212E-02
     2     9     1     6        0  0.0000E+00  0.0000E+00  0.2468E+01  0.5205E-03
     2     9     1     7        0  0.0000E+00  0.0000E+00  0.2071E+00  0.4364E-04
     2    10     1     1        0  0.0000E+00  0.0000E+00  0.3697E+07  0.1000E+03
     2    10     1     2        0  0.0000E+00  0.0000E+00  0.4237E+05  0.6788E+01
     2    10     1     3        0  0.0000E+00  0.0000E+00  0.2809E+04  0.4196E+00
     2    10     1     4        0  0.0000E+00  0.0000E+00  0.1953E+03  0.2690E-01
     2    10     1     5        0  0.0000E+00  0.0000E+00  0.1413E+02  0.1789E-02
     2    10     1     6        0  0.0000E+00  0.0000E+00  0.1169E+01  0.1237E-03
     2    10     1     7        0  0.0000E+00  0.0000E+00  0.9521E-01  0.8861E-05
     2    11     1     1        0  0.0000E+00  0.0000E+00  0.3695E+07  0.1000E+03
     2    11     1     2        0  0.0000E+00  0.0000E+00  0.1670E+06  0.1007E+02
     2    11     1     3        0  0.0000E+00  0.0000E+00  0.1583E+05  0.9110E+00
     2    11     1     4        0  0.0000E+00  0.0000E+00  0.1492E+04  0.8405E-01
     2    11     1     5        0  0.0000E+00  0.0000E+00  0.1391E+03  0.7773E-02
     2    11     1     6        0  0.0000E+00  0.0000E+00  0.1292E+02  0.7199E-03
     2    11     1     7        0  0.0000E+00  0.0000E+00  0.1199E+01  0.6671E-04
     2    11     1     8        0  0.0000E+00  0.0000E+00  0.1111E+00  0.6183E-05
     2    12     1     1        0  0.0000E+00  0.0000E+00  0.3721E+07  0.1000E+03
     2    12     1     2        0  0.0000E+00  0.0000E+00  0.2512E+05  0.9724E+01
     2    12     1     3        0  0.0000E+00  0.0000E+00  0.2549E+04  0.9235E+00
     2    12     1     4        0  0.0000E+00  0.0000E+00  0.2511E+03  0.8881E-01
     2    12     1     5        0  0.0000E+00  0.0000E+00  0.2443E+02  0.8575E-02
